<?xml version="1.0" encoding="UTF-8"?>
<testsuite name="OneMoreTest" tests="1" skipped="0" failures="0" errors="0" timestamp="2021-10-26T01:07:28" hostname="ayakovlenko-ASUS-EXPERTBOOK-P5440FA-P5440FA" time="0.0">
  <properties/>
  <testcase name="test_1" classname="OneMoreTest" time="0.0"/>
  <system-out><![CDATA[OK
]]></system-out>
  <system-err><![CDATA[]]></system-err>
</testsuite>
